2019-05-14 13:38:49 [myspider.spiders.sun] WARNING: {'title': '浴火重生再出发——写在新一轮东北振兴战略实施三周年之际', 'comtent': '看未来，还有一处处激流险滩要过，还有一个个雄关险隘要闯，唯有瞄准方向、保持定力，一以贯之、久久为功，才能迈向振兴！ ', 'url': 'http://news.sun0769.com/national/zh/201905/t20190514_8103460.shtml', 'time': '2019-05-14 10:13'}
2019-05-14 13:38:49 [myspider.spiders.sun] WARNING: {'title': '“文明互鉴推动和谐、和平与繁荣”——访新加坡总统哈莉玛', 'comtent': '在出席亚洲文明对话大会前夕，新加坡总统哈莉玛接受了本报记者专访。', 'url': 'http://news.sun0769.com/national/zh/201905/t20190514_8103454.shtml', 'time': '2019-05-14 10:10'}
2019-05-14 13:38:49 [myspider.spiders.sun] WARNING: {'title': '剧透来了！美食展览加演出，这个大会亮点多', 'comtent': '5月，亚洲文明对话大会将在北京举行，意在传承弘扬亚洲和世界各国璀璨辉煌的文明成果。', 'url': 'http://news.sun0769.com/national/zh/201905/t20190514_8103432.shtml', 'time': '2019-05-14 09:55'}
2019-05-14 13:38:49 [myspider.spiders.sun] WARNING: {'title': '打造新供给 激发新动能——从制造业“变身”看中国经济动力', 'comtent': '工厂“玩”起了“爆品”集市、“快闪式”制造在品牌间兴起、“国潮”风加速跨界融合……一段时间以来，中国制造发生了不小的变化。这些融入了新理念、新技术、新模式的“制造之变”不断释放发展...', 'url': 'http://news.sun0769.com/national/zh/201905/t20190514_8103436.shtml', 'time': '2019-05-14 09:55'}
2019-05-14 13:38:49 [myspider.spiders.sun] WARNING: {'title': '书写美美与共的文明互鉴新画卷', 'comtent': '文明因交流而多彩，文明因互鉴而丰富。亚洲文明对话大会将在北京启幕，亚洲各国文明对话交流，凝聚共识，激发共鸣，激扬自信，打造共同繁荣的精神家园。', 'url': 'http://news.sun0769.com/national/zh/201905/t20190514_8103437.shtml', 'time': '2019-05-14 09:55'}
2019-05-14 13:38:49 [myspider.spiders.sun] WARNING: {'title': '新一轮改革开放将给亚洲与全世界带来红利', 'comtent': '当下，无论是中国还是世界，都处在巨变的十字路口。21世纪第二个10年不平静，但世界仍然有继续繁荣发展的希望，最重要的一环就是亚洲的发展。', 'url': 'http://news.sun0769.com/national/zh/201905/t20190514_8103441.shtml', 'time': '2019-05-14 09:55'}
2019-05-14 13:38:49 [myspider.spiders.sun] WARNING: {'title': '中国经济：持续释放大国的优势和潜力', 'comtent': '中国经济发展韧性好，调整适应能力强', 'url': 'http://news.sun0769.com/national/zh/201905/t20190514_8103442.shtml', 'time': '2019-05-14 09:55'}
2019-05-14 13:38:49 [myspider.spiders.sun] WARNING: {'title': '中国首次举办集大成亚洲文明展览 49国451件组文物诠释多元文明之美', 'comtent': '5月13日上午，由文化和旅游部、国家文物局主办，中国国家博物馆与中国文物交流中心共同承办“大美亚细亚——亚洲文明展”在中国国家博物馆开幕。', 'url': 'http://news.sun0769.com/national/zh/201905/t20190514_8103449.shtml', 'time': '2019-05-14 09:55'}
2019-05-14 13:38:49 [myspider.spiders.sun] WARNING: {'title': '我国将全面建立统一的城乡居民医保制度', 'comtent': '国家医保局会同财政部日前印发《关于做好2019年城乡居民基本医疗保障工作的通知》，要求全面建立统一的城乡居民医保制度。', 'url': 'http://news.sun0769.com/national/zh/201905/t20190514_8103451.shtml', 'time': '2019-05-14 09:55'}
2019-05-14 13:38:49 [myspider.spiders.sun] WARNING: {'title': '七名甘肃森林消防退伍老兵主动归队参加火灾救援——“需要我，我必回！”', 'comtent': '“虽然退伍了，需要我，我必回！”这是7名山西籍的森林消防退伍老兵在退伍时作出的庄严承诺。', 'url': 'http://news.sun0769.com/national/zh/201905/t20190514_8103453.shtml', 'time': '2019-05-14 09:55'}
2019-05-14 13:38:49 [myspider.spiders.sun] WARNING: {'title': '为海洋装备披上“铠甲”的人——记“80后”研究员王立平', 'comtent': '获得第23届“中国青年五四奖章”后，中科院宁波材料所青年研究员王立平马不停蹄地赶往各个临海试验基地和重大示范工程所在地，查看海洋环境适应性数据和工程的应用效果。', 'url': 'http://news.sun0769.com/national/zh/201905/t20190514_8103457.shtml', 'time': '2019-05-14 09:55'}
2019-05-14 13:38:49 [myspider.spiders.sun] WARNING: {'title': '中央扫黑除恶督导“回头看”工作汇报会在广州召开 吴玉良马兴瑞出席会议并讲话', 'comtent': '5月13日上午，中央扫黑除恶督导“回头看”工作汇报会在广州召开。', 'url': 'http://news.sun0769.com/national/zh/201905/t20190514_8103327.shtml', 'time': '2019-05-14 08:57'}
2019-05-14 13:38:49 [myspider.spiders.sun] WARNING: {'title': '汇聚媒体力量 助建一流湾区', 'comtent': '本届峰会议题丰富，300多名嘉宾、参会代表云集广州，就如何开展创新与协同合作、如何推进媒体融合、助推粤港澳大湾区建设等展开深入沟通交流。目前各项筹备工作已基本准备就绪。', 'url': 'http://news.sun0769.com/national/zh/201905/t20190514_8103328.shtml', 'time': '2019-05-14 08:57'}
2019-05-14 13:38:49 [myspider.spiders.sun] WARNING: {'title': '重磅微视频｜发展之桥', 'comtent': '在漫长历史长河中，亚洲众多璀璨绚丽的古老文明交相辉映、相得益彰。', 'url': 'http://news.sun0769.com/national/zh/201905/t20190514_8103382.shtml', 'time': '2019-05-14 08:57'}
2019-05-14 13:38:49 [myspider.spiders.sun] WARNING: {'title': '社评：美方不断嚣张喊话，实为自我打气', 'comtent': '白宫经济顾问库德洛12日在被电视记者问到谁将为美国征收的巨额关税买单时，表示“双方都会受到影响”。比如白宫反复说增收关税对美国经济和国民福利都是好事，强调美国一年能征收1000亿美元关税...', 'url': 'http://news.sun0769.com/national/zh/201905/t20190513_8103100.shtml', 'time': '2019-05-13 23:44'}
2019-05-14 13:38:49 [myspider.spiders.sun] WARNING: {'title': '美国“旧船票”登不上各国“新客船”', 'comtent': '有一本世界名著，美国人应该拿来读一读。傲慢看世界，偏见看中国，似乎是少数美国政客的专利。我们也要感谢美国，再一次让中国人隔空看清了太平洋对岸的风景，再一次增强了中华民族的凝聚力和中...', 'url': 'http://news.sun0769.com/national/zh/201905/t20190513_8103092.shtml', 'time': '2019-05-13 23:05'}
2019-05-14 13:38:49 [myspider.spiders.sun] WARNING: {'title': '共绘聚同化异的人类文明画卷', 'comtent': '亚洲文明对话大会将于5月15日在北京开幕。我们期待，借助亚洲文明对话大会这个平台，与会各方聚同化异、开放包容，推动文明交流互鉴成为增进各国人民友谊的桥梁、推动人类社会进步的动力、维护世...', 'url': 'http://news.sun0769.com/national/zh/201905/t20190513_8103091.shtml', 'time': '2019-05-13 23:00'}
2019-05-14 13:38:49 [myspider.spiders.sun] WARNING: {'title': '中共中央政治局召开会议 研究部署在全党开展“不忘初心、牢记使命”主题教育工作 审议《长江三角洲区域一体化发展规划纲要》 中共中央总书记习近平主持会议', 'comtent': '中共中央政治局5月13日召开会议，决定从今年6月开始，在全党自上而下分两批开展“不忘初心、牢记使命”主题教育。长三角一体化发展具有极大的区域带动和示范作用，要紧扣“一体化”和“高质量”...', 'url': 'http://news.sun0769.com/national/zh/201905/t20190513_8103089.shtml', 'time': '2019-05-13 22:40'}
2019-05-14 13:38:49 [myspider.spiders.sun] WARNING: {'title': '《亚洲 文明之光》 第二集 传承创新', 'comtent': '我们的亚洲，如此的多姿多彩，和而不同，每一种文明都延续着一个国家和民族的精神血脉，既需要薪火相传、代代守护，更需要与时俱进、勇于创新。回望历史，亚洲价值、东方智慧已然穿越了时光，启...', 'url': 'http://news.sun0769.com/national/zh/201905/t20190513_8103090.shtml', 'time': '2019-05-13 22:40'}
2019-05-14 13:38:49 [myspider.spiders.sun] WARNING: {'title': '记者眼中的“两弹精神”：你愿意为祖国付出什么？', 'comtent': '5月12日，新闻联播头条播出《【壮丽70年·奋斗新时代】“两弹城”：穿越半个世纪的两弹精神》节目。斑驳的红砖墙，阴冷狭长的山洞，半个多世纪过去了，这里的一切却还在诉说着那个“干惊天动地事...', 'url': 'http://news.sun0769.com/national/zh/201905/t20190513_8103088.shtml', 'time': '2019-05-13 22:38'}
