2019-05-14 14:36:26 [sunshine.spiders.sun] WARNING: {'date_time': '2019-05-14 09:42',
 'href': 'http://sports.sun0769.com/dgty/201905/t20190514_8103407.shtml',
 'title': '第二届全国青年运动会足球赛 东莞麻涌为广东添金！'}
2019-05-14 14:36:26 [sunshine.spiders.sun] WARNING: {'date_time': '2019-05-13 16:41',
 'href': 'http://sports.sun0769.com/dgty/201905/t20190513_8102972.shtml',
 'title': '快讯|麻涌足球显神威 为青运会广东代表团添金！'}
2019-05-14 14:36:26 [sunshine.spiders.sun] WARNING: {'date_time': '2019-05-12 22:19',
 'href': 'http://sports.sun0769.com/dgty/201905/t20190512_8102191.shtml',
 'title': '小篮球大梦想！中国小篮球联赛东莞赛区比赛火热开打'}
2019-05-14 14:36:26 [sunshine.spiders.sun] WARNING: {'date_time': '2019-05-10 09:32',
 'href': 'http://sports.sun0769.com/dgty/201905/t20190510_8101237.shtml',
 'title': '2019东莞龙舟月“最强攻略”来袭 全市超40场活动'}
2019-05-14 14:36:26 [sunshine.spiders.sun] WARNING: {'date_time': '2019-05-09 16:33',
 'href': 'http://sports.sun0769.com/dgty/201905/t20190509_8100283.shtml',
 'title': '2019年国际篮联篮球世界杯（东莞赛区）迷你世界杯小组赛开打'}
2019-05-14 14:36:26 [sunshine.spiders.sun] WARNING: {'date_time': '2019-05-09 00:28',
 'href': 'http://sports.sun0769.com/dgty/201905/t20190509_8099553.shtml',
 'title': '市联赛特殊赛制造就最激烈决战 南城、大朗成就经典一役'}
2019-05-14 14:36:26 [sunshine.spiders.sun] WARNING: {'date_time': '2019-05-08 10:36',
 'href': 'http://sports.sun0769.com/dgty/201905/t20190508_8099158.shtml',
 'title': '东莞市篮球联赛男子甲级首决赛 南城客胜大朗'}
2019-05-14 14:36:26 [sunshine.spiders.sun] WARNING: {'date_time': '2019-05-07 09:49',
 'href': 'http://sports.sun0769.com/dgty/201905/t20190507_8098634.shtml',
 'title': '“双冠将士”聚首2019东莞篮球之夜 冒雨与球迷互动'}
2019-05-14 14:36:26 [sunshine.spiders.sun] WARNING: {'date_time': '2019-05-07 14:35',
 'href': 'http://sports.sun0769.com/dgty/201905/t20190507_8098381.shtml',
 'title': '东莞市篮球联赛男子甲级总决赛最终回将于5月8日晚进行'}
2019-05-14 14:36:26 [sunshine.spiders.sun] WARNING: {'date_time': '2019-05-07 00:31',
 'href': 'http://sports.sun0769.com/dgty/201905/t20190507_8097809.shtml',
 'title': '图片回顾|CBA、WCBA总冠军会师东莞 庆功晚会再现“夺冠之旅”'}
2019-05-14 14:36:26 [sunshine.spiders.sun] WARNING: {'date_time': '2019-05-06 10:34',
 'href': 'http://sports.sun0769.com/dgty/201905/t20190506_8097326.shtml',
 'title': '广东省男子篮球联赛揭幕 “四冠王”东莞男篮5月11日主场亮相'}
2019-05-14 14:36:26 [sunshine.spiders.sun] WARNING: {'date_time': '2019-05-06 10:19',
 'href': 'http://sports.sun0769.com/dgty/201905/t20190506_8097318.shtml',
 'title': '东莞市篮球联赛排位赛结束 决赛将于5月6日开打'}
2019-05-14 14:36:26 [sunshine.spiders.sun] WARNING: {'date_time': '2019-05-05 16:56',
 'href': 'http://sports.sun0769.com/dgty/201905/t20190505_8096890.shtml',
 'title': '“东莞篮球之夜”5月6日晚举行 东莞阳光网将进行视频、图文直播！'}
2019-05-14 14:36:26 [sunshine.spiders.sun] WARNING: {'date_time': '2019-05-05 00:29',
 'href': 'http://sports.sun0769.com/dgty/201905/t20190505_8096251.shtml',
 'title': '广东宏远男篮载誉归来 大批球迷冒雨迎接场面壮观！'}
2019-05-14 14:36:26 [sunshine.spiders.sun] WARNING: {'date_time': '2019-05-04 23:43',
 'href': 'http://sports.sun0769.com/dgty/201905/t20190504_8096248.shtml',
 'title': '一城双冠创历史 广东男、女篮冠军们邀你来“2019东莞篮球之夜”'}
2019-05-14 14:36:26 [sunshine.spiders.sun] WARNING: {'date_time': '2019-04-30 16:07',
 'href': 'http://sports.sun0769.com/dgty/201904/t20190430_8094159.shtml',
 'title': '第二届全国青年运动会：东莞虎门皮划艇运动员获3金1银5铜！'}
2019-05-14 14:36:26 [sunshine.spiders.sun] WARNING: {'date_time': '2019-04-30 07:37',
 'href': 'http://sports.sun0769.com/dgty/201904/t20190430_8093956.shtml',
 'title': '东莞大学生文创产品现身CBA总决赛 文体融合受关注'}
2019-05-14 14:36:26 [sunshine.spiders.sun] WARNING: {'date_time': '2019-04-30 09:38',
 'href': 'http://sports.sun0769.com/dgty/201904/t20190430_8093820.shtml',
 'title': '东莞市篮球联赛男子甲级半决赛开打 南城、大朗开门红'}
2019-05-14 14:36:26 [sunshine.spiders.sun] WARNING: {'date_time': '2019-04-29 08:22',
 'href': 'http://sports.sun0769.com/dgty/201904/t20190429_8092450.shtml',
 'title': '东莞市联赛茶山首进甲级男子组四强 半决赛29日上演'}
2019-05-14 14:36:26 [sunshine.spiders.sun] WARNING: {'date_time': '2019-04-25 17:20',
 'href': 'http://sports.sun0769.com/dgty/201904/t20190425_8089746.shtml',
 'title': '中国冬奥首金大杨扬现身东莞 助力2019短道速滑亚洲杯'}
2019-05-14 14:39:41 [sunshine.spiders.sun] WARNING: {'content': '本次活动将免费提供540个名额，符合条件的您快来报名吧！',
 'content_img': 'http://sports.sun0769.com/ydzj/201904/W020190420552658745674.jpg',
 'date_time': '2019-04-20 15:02',
 'href': 'http://sports.sun0769.com/ydzj/201904/t20190420_8085132.shtml',
 'title': '报名链接|南城免费体育公益培训开始啦！快来报名吧！'}
2019-05-14 14:39:41 [sunshine.spiders.sun] WARNING: {'content': '女子标准龙：限报28人（其中领队1人、教练1人，鼓手1人、舵手1人、划手20人，替补队员4人）。今年，麻涌将继续传承这一民俗活动，...',
 'content_img': 'http://sports.sun0769.com/ydzj/201904/W020190410581995052621.jpg',
 'date_time': '2019-04-10 15:01',
 'href': 'http://sports.sun0769.com/ydzj/201904/t20190410_8077684.shtml',
 'title': '今年麻涌“龙船景”6月18日举行 还有精彩麻涌“三景”！'}
2019-05-14 14:39:41 [sunshine.spiders.sun] WARNING: {'content': '下午16:10，WCBA总决赛第四场将拉开战幕，八一坐镇主场迎战广东',
 'content_img': 'http://sports.sun0769.com/ydzj/201903/W020190320574020502477.jpg',
 'date_time': '2019-03-20 15:49',
 'href': 'http://sports.sun0769.com/ydzj/201903/t20190320_8064012.shtml',
 'title': '16:10打响！WCBA总决赛八一广东生死战 广东全力冲冠！'}
2019-05-14 14:39:41 [sunshine.spiders.sun] WARNING: {'content': '总决赛第一场于3月13日15:30开打！',
 'content_img': 'http://sports.sun0769.com/ydzj/201903/W020190312618264884512.jpg',
 'date_time': '2019-03-12 16:50',
 'href': 'http://sports.sun0769.com/ydzj/201903/t20190312_8057510.shtml',
 'title': 'WCBA总决赛3月13日开打，广东女篮大朗主场战八一！'}
2019-05-14 14:39:41 [sunshine.spiders.sun] WARNING: {'content': '东莞体育一周综述',
 'content_img': 'http://sports.sun0769.com/ydzj/201903/W020190311431884648111.jpg',
 'date_time': '2019-03-11 11:51',
 'href': 'http://sports.sun0769.com/ydzj/201903/t20190311_8056239.shtml',
 'title': '莞体周报|宏远赢下粤辽大战，东莞女篮杀入WCBA总决赛'}
2019-05-14 14:39:41 [sunshine.spiders.sun] WARNING: {'content': '2月27日19：30、3月1日16:10，广东东莞新彤盛将坐阵主场大朗体育馆迎战北京。',
 'content_img': 'http://sports.sun0769.com/ydzj/201902/W020190227532346035452.jpg',
 'date_time': '2019-02-27 09:43',
 'href': 'http://sports.sun0769.com/ydzj/201902/t20190227_8045470.shtml',
 'title': 'WCBA半决赛今天开战 广东女篮主场迎战北京队'}
2019-05-14 14:39:41 [sunshine.spiders.sun] WARNING: {'content': '当晚，除精彩的篮球对决之外，还有丰富的节目等着大家！\n',
 'content_img': 'http://sports.sun0769.com/ydzj/201902/W020190204598210497155.jpg',
 'date_time': '2019-02-04 16:33',
 'href': 'http://sports.sun0769.com/ydzj/201902/t20190204_8030299.shtml',
 'title': '今晚7:30，吃完年夜饭的您还能收看这个篮球直播哦！'}
2019-05-14 14:39:41 [sunshine.spiders.sun] WARNING: {'content': '“农民篮球上春晚”将于大年三十晚上在巷头毛织文化公园篮球馆举行',
 'content_img': 'http://sports.sun0769.com/ydzj/201902/W020190203363368282327.jpg',
 'date_time': '2019-02-03 09:56',
 'href': 'http://sports.sun0769.com/ydzj/201902/t20190203_8029527.shtml',
 'title': '“农民篮球上春晚” 广东女篮明星球员李月汝将献唱！'}
2019-05-14 14:39:41 [sunshine.spiders.sun] WARNING: {'content': '东莞体坛周报',
 'content_img': 'http://sports.sun0769.com/ydzj/201901/W020190128558402710739.jpg',
 'date_time': '2019-01-28 15:22',
 'href': 'http://sports.sun0769.com/ydzj/201901/t20190128_8024707.shtml',
 'title': '莞体周报：市青少年网球队正式成立，东莞最火爆村赛收官'}
2019-05-14 14:39:41 [sunshine.spiders.sun] WARNING: {'content': '1月9日上午，东莞市文化广电旅游体育局正式挂牌成立。',
 'content_img': 'http://sports.sun0769.com/ydzj/201901/W020190114622607881550.jpg',
 'date_time': '2019-01-14 17:09',
 'href': 'http://sports.sun0769.com/ydzj/201901/t20190114_8014369.shtml',
 'title': '东莞体坛一周大事回顾'}
2019-05-14 14:39:41 [sunshine.spiders.sun] WARNING: {'content': '长跑、篮球、象棋、乒乓球……镇街各项迎春赛事好不热闹',
 'content_img': None,
 'date_time': '2019-01-14 17:45',
 'href': 'http://sports.sun0769.com/ydzj/201901/t20190114_8014407.shtml',
 'title': '莞体预告 | 长跑、篮球、象棋、乒乓球……镇街各项迎春赛事好不热闹'}
2019-05-14 14:39:41 [sunshine.spiders.sun] WARNING: {'content': '作为每年的迎春“例牌”节目，各镇街篮球赛也为市民带来了一场迎春篮球盛宴',
 'content_img': 'http://sports.sun0769.com/ydzj/201901/W020190109337600248240.jpg',
 'date_time': '2019-01-09 09:02',
 'href': 'http://sports.sun0769.com/ydzj/201901/t20190109_8010072.shtml',
 'title': '东莞各镇街篮球赛全面开花 东城男子篮球联赛社区组开打'}
2019-05-14 14:39:41 [sunshine.spiders.sun] WARNING: {'content': '报名参加青少年寒假公益培训班，足球、醒狮、跆拳道任您选',
 'content_img': 'http://sports.sun0769.com/ydzj/201812/W020181227336456481542.jpg',
 'date_time': '2018-12-27 09:15',
 'href': 'http://sports.sun0769.com/ydzj/201812/t20181227_8003424.shtml',
 'title': '想让孩子在寒假学一门爱好？ 莞城有妙招！'}
2019-05-14 14:39:41 [sunshine.spiders.sun] WARNING: {'content': '管制时间为12月29日上午8时15分至10时，请广大市民驾驶员提前绕行。',
 'content_img': 'http://sports.sun0769.com/ydzj/201812/W020181227336454878635.jpg',
 'date_time': '2018-12-27 09:07',
 'href': 'http://sports.sun0769.com/ydzj/201812/t20181227_8003423.shtml',
 'title': '特别提醒！东莞迎2019新年环城跑 这些路段有交通管制'}
2019-05-14 14:39:41 [sunshine.spiders.sun] WARNING: {'content': '2018年12月25日，广东世纪城羽毛球俱乐部将迎来第四个主场的比赛',
 'content_img': 'http://sports.sun0769.com/ydzj/201812/W020181225410971244604.jpg',
 'date_time': '2018-12-25 11:14',
 'href': 'http://sports.sun0769.com/ydzj/201812/t20181225_8002340.shtml',
 'title': '预告|羽超联赛广东世纪城主场战安徽加桥'}
2019-05-14 14:39:41 [sunshine.spiders.sun] WARNING: {'content': '辞旧迎新之际，全市各类迎春长跑来袭',
 'content_img': 'http://sports.sun0769.com/ydzj/201812/W020181224642810999015.jpg',
 'date_time': '2018-12-24 17:41',
 'href': 'http://sports.sun0769.com/ydzj/201812/t20181224_8001869.shtml',
 'title': '莞体预告 | 辞旧迎新之际，全市各类迎春长跑来袭'}
2019-05-14 14:39:41 [sunshine.spiders.sun] WARNING: {'content': '上周末的“莞万”，您去打卡了吗？',
 'content_img': 'http://sports.sun0769.com/ydzj/201812/W020181217359739152075.jpg',
 'date_time': '2018-12-03 14:54',
 'href': 'http://sports.sun0769.com/ydzj/201812/t20181217_7996936.shtml',
 'title': '用脚步丈量城市魅力 “莞万”让爱心温暖莞邑大地'}
2019-05-14 14:39:41 [sunshine.spiders.sun] WARNING: {'content': '总决赛将于本周六（12月8日）在市体育馆进行',
 'content_img': 'http://sports.sun0769.com/ydzj/201812/W020181217359683879535.jpg',
 'date_time': '2018-12-03 10:00',
 'href': 'http://sports.sun0769.com/ydzj/201812/t20181217_7996935.shtml',
 'title': '东莞市青少年跆拳道锦标赛总决赛将于12月8日举行'}
2019-05-14 14:39:41 [sunshine.spiders.sun] WARNING: {'content': '约吗？亲爱的徒友们！',
 'content_img': 'http://sports.sun0769.com/ydzj/201812/W020181217357540884715.jpg',
 'date_time': '2018-10-09 10:05',
 'href': 'http://sports.sun0769.com/ydzj/201812/t20181217_7996919.shtml',
 'title': '约吗？亲爱的徒友们！第三届“爱·徒步”开始报名啦！'}
2019-05-14 14:39:41 [sunshine.spiders.sun] WARNING: {'content': '地点：东莞市老干部大学\u3000\u3000'
            '由莞城市桥社区、莞城市桥社区团总支主办的莞城市桥社区居民运动会，三人篮球赛男、女组比赛将在东莞...',
 'content_img': 'http://sports.sun0769.com/ydzj/201812/W020181217357526694011.jpg',
 'date_time': '2018-10-09 09:39',
 'href': 'http://sports.sun0769.com/ydzj/201812/t20181217_7996918.shtml',
 'title': '莞体预告 | 迷你世界杯预选赛高中、中职组小组赛10日开打'}
2019-05-14 14:39:41 [sunshine.pipelines] WARNING: -------------------- this is MyspiderPipelineSun --------------------
